2019-11-18 16:19:49.271  INFO ROG-G752VY --- [           main] c.f.a.AdmamingImmoApplication            : Starting AdmamingImmoApplication on ROG-G752VY with PID 16268 (C:\Users\BloodStyx\eclipse\WorkspaceSpring\AdmamingImmo\target\classes started by BloodStyx in C:\Users\BloodStyx\eclipse\WorkspaceSpring\AdmamingImmo)
2019-11-18 16:19:49.282 DEBUG ROG-G752VY --- [           main] c.f.a.AdmamingImmoApplication            : Running with Spring Boot v2.2.1.RELEASE, Spring v5.2.1.RELEASE
2019-11-18 16:19:49.284  INFO ROG-G752VY --- [           main] c.f.a.AdmamingImmoApplication            : No active profile set, falling back to default profiles: default
2019-11-18 16:19:54.381  INFO ROG-G752VY --- [           main] c.f.a.AdmamingImmoApplication            : Started AdmamingImmoApplication in 5.451 seconds (JVM running for 8.266)
2019-11-18 16:24:55.938  INFO ROG-G752VY --- [           main] c.f.a.AdmamingImmoApplication            : Starting AdmamingImmoApplication on ROG-G752VY with PID 16580 (C:\Users\BloodStyx\eclipse\WorkspaceSpring\AdmamingImmo\target\classes started by BloodStyx in C:\Users\BloodStyx\eclipse\WorkspaceSpring\AdmamingImmo)
2019-11-18 16:24:55.953 DEBUG ROG-G752VY --- [           main] c.f.a.AdmamingImmoApplication            : Running with Spring Boot v2.2.1.RELEASE, Spring v5.2.1.RELEASE
2019-11-18 16:24:55.955  INFO ROG-G752VY --- [           main] c.f.a.AdmamingImmoApplication            : No active profile set, falling back to default profiles: default
2019-11-18 16:25:00.783  INFO ROG-G752VY --- [           main] c.f.a.AdmamingImmoApplication            : Started AdmamingImmoApplication in 5.185 seconds (JVM running for 7.97)
2019-11-19 11:05:35.536  INFO IN-LY-022 --- [           main] c.f.a.AdmamingImmoApplication            : Starting AdmamingImmoApplication on IN-LY-022 with PID 9564 (C:\Users\IN-LY-022\WorkSpaceJSP\AdamingImmo\target\classes started by IN-LY-022 in C:\Users\IN-LY-022\WorkSpaceJSP\AdamingImmo)
2019-11-19 11:05:35.551 DEBUG IN-LY-022 --- [           main] c.f.a.AdmamingImmoApplication            : Running with Spring Boot v2.2.1.RELEASE, Spring v5.2.1.RELEASE
2019-11-19 11:05:35.551  INFO IN-LY-022 --- [           main] c.f.a.AdmamingImmoApplication            : No active profile set, falling back to default profiles: default
2019-11-19 11:05:39.534  INFO IN-LY-022 --- [           main] c.f.a.AdmamingImmoApplication            : Started AdmamingImmoApplication in 4.306 seconds (JVM running for 5.631)
2019-11-19 11:27:54.223  INFO IN-LY-022 --- [           main] c.f.a.AdmamingImmoApplication            : Starting AdmamingImmoApplication on IN-LY-022 with PID 9392 (C:\Users\IN-LY-022\WorkSpaceJSP\AdamingImmo\target\classes started by IN-LY-022 in C:\Users\IN-LY-022\WorkSpaceJSP\AdamingImmo)
2019-11-19 11:27:54.239 DEBUG IN-LY-022 --- [           main] c.f.a.AdmamingImmoApplication            : Running with Spring Boot v2.2.1.RELEASE, Spring v5.2.1.RELEASE
2019-11-19 11:27:54.239  INFO IN-LY-022 --- [           main] c.f.a.AdmamingImmoApplication            : No active profile set, falling back to default profiles: default
2019-11-19 11:27:57.804  INFO IN-LY-022 --- [           main] c.f.a.AdmamingImmoApplication            : Started AdmamingImmoApplication in 3.88 seconds (JVM running for 5.244)
2019-11-19 11:43:30.720  INFO IN-LY-022 --- [           main] c.f.a.AdmamingImmoApplication            : Starting AdmamingImmoApplication on IN-LY-022 with PID 504 (C:\Users\IN-LY-022\WorkSpaceJSP\AdamingImmo\target\classes started by IN-LY-022 in C:\Users\IN-LY-022\WorkSpaceJSP\AdamingImmo)
2019-11-19 11:43:30.727 DEBUG IN-LY-022 --- [           main] c.f.a.AdmamingImmoApplication            : Running with Spring Boot v2.2.1.RELEASE, Spring v5.2.1.RELEASE
2019-11-19 11:43:30.727  INFO IN-LY-022 --- [           main] c.f.a.AdmamingImmoApplication            : No active profile set, falling back to default profiles: default
2019-11-19 11:43:34.480  INFO IN-LY-022 --- [           main] c.f.a.AdmamingImmoApplication            : Started AdmamingImmoApplication in 4.073 seconds (JVM running for 7.319)
2019-11-19 15:09:43.336  INFO IN-LY-022 --- [           main] c.f.a.AdmamingImmoApplication            : Starting AdmamingImmoApplication on IN-LY-022 with PID 1484 (C:\Users\IN-LY-022\WorkSpaceJSP\AdamingImmo\target\classes started by IN-LY-022 in C:\Users\IN-LY-022\WorkSpaceJSP\AdamingImmo)
2019-11-19 15:09:43.336 DEBUG IN-LY-022 --- [           main] c.f.a.AdmamingImmoApplication            : Running with Spring Boot v2.2.1.RELEASE, Spring v5.2.1.RELEASE
2019-11-19 15:09:43.336  INFO IN-LY-022 --- [           main] c.f.a.AdmamingImmoApplication            : No active profile set, falling back to default profiles: default
2019-11-19 15:09:46.983  INFO IN-LY-022 --- [           main] c.f.a.AdmamingImmoApplication            : Started AdmamingImmoApplication in 3.949 seconds (JVM running for 5.235)
